2025-02-04 16:20:50.061 +02:00 [INF] [Workspace] Unloaded project with path: 
2025-02-04 16:21:05.365 +02:00 [INF] [PathResolver]: Attempting to resolve name: App.xaml
2025-02-04 16:21:06.660 +02:00 [INF] Loading theme with path: 
2025-02-04 16:22:36.944 +02:00 [INF] [MauiImpactManager] Created temporary folder at: C:\Users\zakg6\AppData\Local\Temp\eb15acee-5743-419d-9628-52f4f3a22659
2025-02-04 16:22:36.967 +02:00 [INF] [MauiImpactManager] Started persisting changes temporally at: C:\Users\zakg6\AppData\Local\Temp\eb15acee-5743-419d-9628-52f4f3a22659\impact
2025-02-04 16:22:37.232 +02:00 [INF] [MauiImpactManager]: Processing incomming files...
2025-02-04 16:22:37.235 +02:00 [INF] [PathResolver]: Attempting to resolve key: ResolutionInfoKey { Id = Grial#App.xaml, ProjectPath = App.xaml.cs }
2025-02-04 16:22:37.237 +02:00 [INF] [PathResolver]: Resolved asset with id {Grial#App.xaml} with { Path: D:\FitnessApp\AppMaui\FitnessApp\App.xaml.cs, RelativePath: App.xaml.cs, AssignedDestinationPath: C:\Users\zakg6\AppData\Local\Temp\eb15acee-5743-419d-9628-52f4f3a22659\impact\App.xaml.cs }
2025-02-04 16:22:37.266 +02:00 [INF] [ChangeManager] (Add) Source:C:\Users\zakg6\AppData\Local\Temp\eb15acee-5743-419d-9628-52f4f3a22659\impact\App.xaml.cs Destination:D:\FitnessApp\AppMaui\FitnessApp\App.xaml.cs
2025-02-04 16:22:37.295 +02:00 [INF] [ChangeManager] (Add) Source:C:\Users\zakg6\AppData\Local\Temp\eb15acee-5743-419d-9628-52f4f3a22659\impact\App.xaml.cs Destination:C:\Users\zakg6\AppData\Local\Temp\eb15acee-5743-419d-9628-52f4f3a22659\impact\App.xaml.cs
2025-02-04 16:22:37.295 +02:00 [INF] [ChangeManager] (Add) Invalid paths
2025-02-04 16:22:37.295 +02:00 [INF] [PathResolver]: Attempting to resolve key: ResolutionInfoKey { Id = Grial#App.xaml, ProjectPath = App.xaml }
2025-02-04 16:22:37.295 +02:00 [INF] [PathResolver]: Resolved asset with id {Grial#App.xaml} with { Path: D:\FitnessApp\AppMaui\FitnessApp\App.xaml, RelativePath: App.xaml, AssignedDestinationPath: C:\Users\zakg6\AppData\Local\Temp\eb15acee-5743-419d-9628-52f4f3a22659\impact\App.xaml }
2025-02-04 16:22:37.295 +02:00 [INF] [PathResolver]: Attempting to resolve key: ResolutionInfoKey { Id = Grial#NewsSignUpPage.xaml, ProjectPath = Views\NewsFlow\SignUpPage.xaml.cs }
2025-02-04 16:22:37.295 +02:00 [INF] [PathResolver]: Resolved asset with id {Grial#NewsSignUpPage.xaml} with { Path: D:\FitnessApp\AppMaui\FitnessApp\Views\SignUpPage.xaml.cs, RelativePath: Views\SignUpPage.xaml.cs, AssignedDestinationPath: C:\Users\zakg6\AppData\Local\Temp\eb15acee-5743-419d-9628-52f4f3a22659\impact\Views\SignUpPage.xaml.cs }
2025-02-04 16:22:37.296 +02:00 [INF] [ChangeManager] (Add) Source:C:\Users\zakg6\AppData\Local\Temp\eb15acee-5743-419d-9628-52f4f3a22659\impact\Views\SignUpPage.xaml.cs Destination:D:\FitnessApp\AppMaui\FitnessApp\Views\SignUpPage.xaml.cs
2025-02-04 16:22:37.298 +02:00 [INF] [PathResolver]: Attempting to resolve key: ResolutionInfoKey { Id = Grial#NewsSignUpPage.xaml, ProjectPath = Views\NewsFlow\SignUpPage.xaml }
2025-02-04 16:22:37.298 +02:00 [INF] [PathResolver]: Resolved asset with id {Grial#NewsSignUpPage.xaml} with { Path: D:\FitnessApp\AppMaui\FitnessApp\Views\SignUpPage.xaml, RelativePath: Views\SignUpPage.xaml, AssignedDestinationPath: C:\Users\zakg6\AppData\Local\Temp\eb15acee-5743-419d-9628-52f4f3a22659\impact\Views\SignUpPage.xaml }
2025-02-04 16:22:37.298 +02:00 [INF] [ChangeManager] (Add) Source:C:\Users\zakg6\AppData\Local\Temp\eb15acee-5743-419d-9628-52f4f3a22659\impact\Views\SignUpPage.xaml Destination:D:\FitnessApp\AppMaui\FitnessApp\Views\SignUpPage.xaml
2025-02-04 16:22:37.299 +02:00 [INF] [PathResolver]: Attempting to resolve key: ResolutionInfoKey { Id = Grial#LightTheme.xaml, ProjectPath = Themes\LightTheme.xaml.cs }
2025-02-04 16:22:37.299 +02:00 [INF] [PathResolver]: Resolved asset with id {Grial#LightTheme.xaml} with { Path: D:\FitnessApp\AppMaui\FitnessApp\Themes\LightTheme.xaml.cs, RelativePath: Themes\LightTheme.xaml.cs, AssignedDestinationPath: C:\Users\zakg6\AppData\Local\Temp\eb15acee-5743-419d-9628-52f4f3a22659\impact\Themes\LightTheme.xaml.cs }
2025-02-04 16:22:37.299 +02:00 [INF] [PathResolver]: Attempting to resolve key: ResolutionInfoKey { Id = Grial#LightTheme.xaml, ProjectPath = Themes\LightTheme.xaml }
2025-02-04 16:22:37.299 +02:00 [INF] [PathResolver]: Resolved asset with id {Grial#LightTheme.xaml} with { Path: D:\FitnessApp\AppMaui\FitnessApp\Themes\LightTheme.xaml, RelativePath: Themes\LightTheme.xaml, AssignedDestinationPath: C:\Users\zakg6\AppData\Local\Temp\eb15acee-5743-419d-9628-52f4f3a22659\impact\Themes\LightTheme.xaml }
2025-02-04 16:22:37.299 +02:00 [INF] [PathResolver]: Attempting to resolve key: ResolutionInfoKey { Id = Grial#Poppins-Regular.ttf, ProjectPath = Resources\Fonts\Poppins-Regular.ttf }
2025-02-04 16:22:37.299 +02:00 [INF] [PathResolver]: Resolved asset with id {Grial#Poppins-Regular.ttf} with { Path: D:\FitnessApp\AppMaui\FitnessApp\Resources\Fonts\Poppins-Regular.ttf, RelativePath: Resources\Fonts\Poppins-Regular.ttf, AssignedDestinationPath: C:\Users\zakg6\AppData\Local\Temp\eb15acee-5743-419d-9628-52f4f3a22659\impact\Resources\Fonts\Poppins-Regular.ttf }
2025-02-04 16:22:37.299 +02:00 [INF] [ChangeManager] (Add) Source:C:\Users\zakg6\AppData\Local\Temp\eb15acee-5743-419d-9628-52f4f3a22659\impact\Resources\Fonts\Poppins-Regular.ttf Destination:D:\FitnessApp\AppMaui\FitnessApp\Resources\Fonts\Poppins-Regular.ttf
2025-02-04 16:22:37.301 +02:00 [INF] [PathResolver]: Attempting to resolve key: ResolutionInfoKey { Id = Grial#ScrollViewHandler.cs, ProjectPath = Controls\Handlers\ScrollViewHandler.cs }
2025-02-04 16:22:37.301 +02:00 [INF] [PathResolver]: Resolved asset with id {Grial#ScrollViewHandler.cs} with { Path: D:\FitnessApp\AppMaui\FitnessApp\Controls\Handlers\ScrollViewHandler.cs, RelativePath: Controls\Handlers\ScrollViewHandler.cs, AssignedDestinationPath: C:\Users\zakg6\AppData\Local\Temp\eb15acee-5743-419d-9628-52f4f3a22659\impact\Controls\Handlers\ScrollViewHandler.cs }
2025-02-04 16:22:37.301 +02:00 [INF] [ChangeManager] (Add) Source:C:\Users\zakg6\AppData\Local\Temp\eb15acee-5743-419d-9628-52f4f3a22659\impact\Controls\Handlers\ScrollViewHandler.cs Destination:D:\FitnessApp\AppMaui\FitnessApp\Controls\Handlers\ScrollViewHandler.cs
2025-02-04 16:22:37.303 +02:00 [INF] [PathResolver]: Attempting to resolve key: ResolutionInfoKey { Id = Grial#LabelHandler.cs, ProjectPath = Controls\Handlers\LabelHandler.cs }
2025-02-04 16:22:37.303 +02:00 [INF] [PathResolver]: Resolved asset with id {Grial#LabelHandler.cs} with { Path: D:\FitnessApp\AppMaui\FitnessApp\Controls\Handlers\LabelHandler.cs, RelativePath: Controls\Handlers\LabelHandler.cs, AssignedDestinationPath: C:\Users\zakg6\AppData\Local\Temp\eb15acee-5743-419d-9628-52f4f3a22659\impact\Controls\Handlers\LabelHandler.cs }
2025-02-04 16:22:37.303 +02:00 [INF] [ChangeManager] (Add) Source:C:\Users\zakg6\AppData\Local\Temp\eb15acee-5743-419d-9628-52f4f3a22659\impact\Controls\Handlers\LabelHandler.cs Destination:D:\FitnessApp\AppMaui\FitnessApp\Controls\Handlers\LabelHandler.cs
2025-02-04 16:22:37.304 +02:00 [INF] [PathResolver]: Attempting to resolve key: ResolutionInfoKey { Id = Grial#MaterialCommunityIconsFont.cs, ProjectPath = Resources\Fonts\MaterialCommunityIconsFont.cs }
2025-02-04 16:22:37.304 +02:00 [INF] [PathResolver]: Resolved asset with id {Grial#MaterialCommunityIconsFont.cs} with { Path: D:\FitnessApp\AppMaui\FitnessApp\Resources\Fonts\MaterialCommunityIconsFont.cs, RelativePath: Resources\Fonts\MaterialCommunityIconsFont.cs, AssignedDestinationPath: C:\Users\zakg6\AppData\Local\Temp\eb15acee-5743-419d-9628-52f4f3a22659\impact\Resources\Fonts\MaterialCommunityIconsFont.cs }
2025-02-04 16:22:37.304 +02:00 [INF] [ChangeManager] (Add) Source:C:\Users\zakg6\AppData\Local\Temp\eb15acee-5743-419d-9628-52f4f3a22659\impact\Resources\Fonts\MaterialCommunityIconsFont.cs Destination:D:\FitnessApp\AppMaui\FitnessApp\Resources\Fonts\MaterialCommunityIconsFont.cs
2025-02-04 16:22:37.305 +02:00 [INF] [PathResolver]: Attempting to resolve key: ResolutionInfoKey { Id = Grial#materialdesignicons-webfont.ttf, ProjectPath = Resources\Fonts\materialdesignicons-webfont.ttf }
2025-02-04 16:22:37.305 +02:00 [INF] [PathResolver]: Resolved asset with id {Grial#materialdesignicons-webfont.ttf} with { Path: D:\FitnessApp\AppMaui\FitnessApp\Resources\Fonts\materialdesignicons-webfont.ttf, RelativePath: Resources\Fonts\materialdesignicons-webfont.ttf, AssignedDestinationPath: C:\Users\zakg6\AppData\Local\Temp\eb15acee-5743-419d-9628-52f4f3a22659\impact\Resources\Fonts\materialdesignicons-webfont.ttf }
2025-02-04 16:22:37.305 +02:00 [INF] [ChangeManager] (Add) Source:C:\Users\zakg6\AppData\Local\Temp\eb15acee-5743-419d-9628-52f4f3a22659\impact\Resources\Fonts\materialdesignicons-webfont.ttf Destination:D:\FitnessApp\AppMaui\FitnessApp\Resources\Fonts\materialdesignicons-webfont.ttf
2025-02-04 16:22:37.309 +02:00 [INF] [MauiImpactManager]: Checking App.xaml namespaces...
2025-02-04 16:22:37.309 +02:00 [INF] [PathResolver]: Attempting to resolve name: App.xaml
2025-02-04 16:22:37.309 +02:00 [INF] [PathResolver]: Resolved filter with key: ResolutionInfoKey { Id = Grial#App.xaml, ProjectPath = App.xaml }
2025-02-04 16:22:37.321 +02:00 [INF] [ChangeManager] (Add) Source:C:\Users\zakg6\AppData\Local\Temp\eb15acee-5743-419d-9628-52f4f3a22659\impact\App.xaml Destination:D:\FitnessApp\AppMaui\FitnessApp\App.xaml
2025-02-04 16:22:37.323 +02:00 [INF] [MauiImpactManager]: Processing FileUpdates...
2025-02-04 16:22:37.324 +02:00 [INF] [PathResolver]: Attempting to resolve key: ResolutionInfoKey { Id = Grial#App.xaml, ProjectPath = App.xaml }
2025-02-04 16:22:37.334 +02:00 [INF] [ChangeManager] (Add) Source:C:\Users\zakg6\AppData\Local\Temp\eb15acee-5743-419d-9628-52f4f3a22659\impact\App.xaml Destination:C:\Users\zakg6\AppData\Local\Temp\eb15acee-5743-419d-9628-52f4f3a22659\impact\App.xaml
2025-02-04 16:22:37.334 +02:00 [INF] [ChangeManager] (Add) Invalid paths
2025-02-04 16:22:37.340 +02:00 [INF] [PathResolver]: Attempting to resolve name: ThemeCompatibility.xaml
2025-02-04 16:22:37.345 +02:00 [INF] [PathResolver]: Attempting to resolve key: ResolutionInfoKey { Id = Grial#LightTheme.xaml, ProjectPath = Themes\LightTheme.xaml.cs }
2025-02-04 16:22:37.346 +02:00 [INF] [PathResolver]: Attempting to resolve key: ResolutionInfoKey { Id = Grial#LightTheme.xaml, ProjectPath = Themes\LightTheme.xaml.cs }
2025-02-04 16:22:37.347 +02:00 [INF] [ChangeManager] (Add) Source:C:\Users\zakg6\AppData\Local\Temp\eb15acee-5743-419d-9628-52f4f3a22659\impact\Themes\LightTheme.xaml.cs Destination:D:\FitnessApp\AppMaui\FitnessApp\Themes\LightTheme.xaml.cs
2025-02-04 16:22:37.348 +02:00 [INF] [PathResolver]: Attempting to resolve key: ResolutionInfoKey { Id = Grial#LightTheme.xaml, ProjectPath = Themes\LightTheme.xaml }
2025-02-04 16:22:37.348 +02:00 [INF] [ChangeManager] (Add) Source:C:\Users\zakg6\AppData\Local\Temp\eb15acee-5743-419d-9628-52f4f3a22659\impact\Themes\LightTheme.xaml Destination:D:\FitnessApp\AppMaui\FitnessApp\Themes\LightTheme.xaml
2025-02-04 16:22:37.353 +02:00 [INF] [MauiImpactManager]: Atempting to update themes...
2025-02-04 16:22:37.354 +02:00 [INF] [PathResolver]: Attempting to resolve key: ResolutionInfoKey { Id = Grial#LightTheme.xaml, ProjectPath = Themes\LightTheme.xaml }
2025-02-04 16:22:37.354 +02:00 [INF] [MauiImpactManager]: Found theme with path: Themes\LightTheme.xaml
2025-02-04 16:22:37.364 +02:00 [INF] [ChangeManager] (Add) Source:C:\Users\zakg6\AppData\Local\Temp\eb15acee-5743-419d-9628-52f4f3a22659\impact\Themes\LightTheme.xaml Destination:C:\Users\zakg6\AppData\Local\Temp\eb15acee-5743-419d-9628-52f4f3a22659\impact\Themes\LightTheme.xaml
2025-02-04 16:22:37.364 +02:00 [INF] [ChangeManager] (Add) Invalid paths
2025-02-04 16:22:37.367 +02:00 [INF] [MauiImpactManager]: Adding font declarations...
2025-02-04 16:22:37.367 +02:00 [INF] [PathResolver]: Attempting to resolve name: MauiProgram.cs
2025-02-04 16:22:37.367 +02:00 [INF] [PathResolver]: Resolved asset with name {MauiProgram.cs} with { Path: D:\FitnessApp\AppMaui\FitnessApp\MauiProgram.cs, RelativePath: MauiProgram.cs, AssignedDestinationPath: C:\Users\zakg6\AppData\Local\Temp\eb15acee-5743-419d-9628-52f4f3a22659\impact\MauiProgram.cs }
2025-02-04 16:22:37.385 +02:00 [INF] [ChangeManager] (Add) Source:C:\Users\zakg6\AppData\Local\Temp\eb15acee-5743-419d-9628-52f4f3a22659\impact\MauiProgram.cs Destination:D:\FitnessApp\AppMaui\FitnessApp\MauiProgram.cs
2025-02-04 16:22:37.387 +02:00 [INF] [MauiImpactManager]: Adding handler declarations...
2025-02-04 16:22:37.387 +02:00 [INF] [PathResolver]: Attempting to resolve name: MauiProgram.cs
2025-02-04 16:22:37.387 +02:00 [INF] [PathResolver]: Resolved filter with key: ResolutionInfoKey { Id = Grial#MauiProgram.cs, ProjectPath = MauiProgram.cs }
2025-02-04 16:22:37.404 +02:00 [INF] [ChangeManager] (Add) Source:C:\Users\zakg6\AppData\Local\Temp\eb15acee-5743-419d-9628-52f4f3a22659\impact\MauiProgram.cs Destination:C:\Users\zakg6\AppData\Local\Temp\eb15acee-5743-419d-9628-52f4f3a22659\impact\MauiProgram.cs
2025-02-04 16:22:37.404 +02:00 [INF] [ChangeManager] (Add) Invalid paths
2025-02-04 16:22:37.406 +02:00 [INF] [MauiImpactManager]: Updating project file...
2025-02-04 16:22:37.411 +02:00 [INF] [MauiImpactManager]: Added nugget Nuget { Id = UXD.Grial.Basic, Version = 4.2.114, IsPivate = False, Initialization = PackagingInitialization { Name = UseGrial, Namespace = UXDivers.Grial }, PackIdToRemove = UXDivers.GrialMaui, UpdateOnly = False }
2025-02-04 16:22:37.417 +02:00 [INF] [ChangeManager] (Add) Source:C:\Users\zakg6\AppData\Local\Temp\eb15acee-5743-419d-9628-52f4f3a22659\impact\FitnessApp.csproj Destination:D:\FitnessApp\AppMaui\FitnessApp\FitnessApp.csproj
2025-02-04 16:22:37.420 +02:00 [INF] [MauiImpactManager]: Adding handler nuget initializations...
2025-02-04 16:22:37.420 +02:00 [INF] [PathResolver]: Attempting to resolve name: MauiProgram.cs
2025-02-04 16:22:37.420 +02:00 [INF] [PathResolver]: Resolved filter with key: ResolutionInfoKey { Id = Grial#MauiProgram.cs, ProjectPath = MauiProgram.cs }
2025-02-04 16:22:37.425 +02:00 [INF] [ChangeManager] (Add) Source:C:\Users\zakg6\AppData\Local\Temp\eb15acee-5743-419d-9628-52f4f3a22659\impact\MauiProgram.cs Destination:C:\Users\zakg6\AppData\Local\Temp\eb15acee-5743-419d-9628-52f4f3a22659\impact\MauiProgram.cs
2025-02-04 16:22:37.425 +02:00 [INF] [ChangeManager] (Add) Invalid paths
2025-02-04 16:22:37.427 +02:00 [INF] [MauiImpactManager]: Attempting to set selected theme...
2025-02-04 16:22:37.427 +02:00 [INF] [PathResolver]: Attempting to resolve name: App.xaml
2025-02-04 16:22:37.427 +02:00 [INF] [PathResolver]: Resolved filter with key: ResolutionInfoKey { Id = Grial#App.xaml, ProjectPath = App.xaml }
2025-02-04 16:22:37.434 +02:00 [INF] [PathResolver]: Attempting to resolve key: ResolutionInfoKey { Id = Grial#LightTheme.xaml, ProjectPath = Themes\LightTheme.xaml }
2025-02-04 16:22:37.438 +02:00 [INF] [MauiImpactManager]: Processing builder...
2025-02-04 16:22:37.440 +02:00 [INF] [PathResolver]: Resolved relative path with temporary folder for path: C:\Users\zakg6\AppData\Local\Temp\eb15acee-5743-419d-9628-52f4f3a22659\impact\App.xaml
2025-02-04 16:22:37.441 +02:00 [INF] [LocalImpactBuilder]: Resolved {AssetId: , Path: C:\Users\zakg6\AppData\Local\Temp\eb15acee-5743-419d-9628-52f4f3a22659\impact\App.xaml} to {SourcePath: C:\Users\zakg6\AppData\Local\Temp\eb15acee-5743-419d-9628-52f4f3a22659\impact\App.xaml, DestinationPath: C:\Users\zakg6\AppData\Local\Temp\eb15acee-5743-419d-9628-52f4f3a22659\impact\App.xaml}
2025-02-04 16:22:37.451 +02:00 [INF] [ChangeManager] (Add) Source:C:\Users\zakg6\AppData\Local\Temp\eb15acee-5743-419d-9628-52f4f3a22659\impact\App.xaml Destination:C:\Users\zakg6\AppData\Local\Temp\eb15acee-5743-419d-9628-52f4f3a22659\impact\App.xaml
2025-02-04 16:22:37.451 +02:00 [INF] [ChangeManager] (Add) Invalid paths
2025-02-04 16:22:37.451 +02:00 [INF] [MauiImpactManager] Finished presisting changes temporaly
2025-02-04 16:22:50.964 +02:00 [INF] [ImpactManager] ChangeManagerConfirmed
2025-02-04 16:22:50.969 +02:00 [INF] [MauiImpactManager] Started changes persistence
2025-02-04 16:22:51.016 +02:00 [INF] [MauiImpactManager] Finished persisting changes
2025-02-04 16:22:51.019 +02:00 [INF] [AssetsExplorer] Cleared existing assets by impacts
2025-02-04 16:22:51.309 +02:00 [INF] [AssetsExplorer] Cleared existing assets by project change
2025-02-04 16:22:51.320 +02:00 [INF] [EventAggregator] (HandleAsync) Updated xaml path: D:\FitnessApp\AppMaui\FitnessApp\App.xaml
2025-02-04 16:22:51.398 +02:00 [INF] [PathResolver]: Attempting to resolve name: App.xaml
2025-02-04 16:22:51.400 +02:00 [INF] Found theme path: D:\FitnessApp\AppMaui\FitnessApp\Themes\LightTheme.xaml
2025-02-04 16:22:51.401 +02:00 [INF] Loading theme with path: D:\FitnessApp\AppMaui\FitnessApp\Themes\LightTheme.xaml
2025-02-04 16:44:53.041 +02:00 [INF] [MauiImpactManager] Created temporary folder at: C:\Users\zakg6\AppData\Local\Temp\4af5db53-ff5e-473f-9d06-e4e2223de263
2025-02-04 16:44:53.066 +02:00 [INF] [MauiImpactManager] Started persisting changes temporally at: C:\Users\zakg6\AppData\Local\Temp\4af5db53-ff5e-473f-9d06-e4e2223de263\impact
2025-02-04 16:44:53.081 +02:00 [INF] [MauiImpactManager]: Processing incomming files...
2025-02-04 16:44:53.081 +02:00 [INF] [PathResolver]: Attempting to resolve key: ResolutionInfoKey { Id = Grial#NewsMyProfilePage.xaml, ProjectPath = Views\NewsFlow\MyProfilePage.xaml.cs }
2025-02-04 16:44:53.081 +02:00 [INF] [PathResolver]: Resolved asset with id {Grial#NewsMyProfilePage.xaml} with { Path: D:\FitnessApp\AppMaui\FitnessApp\Views\MyProfilePage.xaml.cs, RelativePath: Views\MyProfilePage.xaml.cs, AssignedDestinationPath: C:\Users\zakg6\AppData\Local\Temp\4af5db53-ff5e-473f-9d06-e4e2223de263\impact\Views\MyProfilePage.xaml.cs }
2025-02-04 16:44:53.081 +02:00 [INF] [ChangeManager] (Add) Source:C:\Users\zakg6\AppData\Local\Temp\4af5db53-ff5e-473f-9d06-e4e2223de263\impact\Views\MyProfilePage.xaml.cs Destination:D:\FitnessApp\AppMaui\FitnessApp\Views\MyProfilePage.xaml.cs
2025-02-04 16:44:53.086 +02:00 [INF] [PathResolver]: Attempting to resolve key: ResolutionInfoKey { Id = Grial#NewsMyProfilePage.xaml, ProjectPath = Views\NewsFlow\MyProfilePage.xaml }
2025-02-04 16:44:53.086 +02:00 [INF] [PathResolver]: Resolved asset with id {Grial#NewsMyProfilePage.xaml} with { Path: D:\FitnessApp\AppMaui\FitnessApp\Views\MyProfilePage.xaml, RelativePath: Views\MyProfilePage.xaml, AssignedDestinationPath: C:\Users\zakg6\AppData\Local\Temp\4af5db53-ff5e-473f-9d06-e4e2223de263\impact\Views\MyProfilePage.xaml }
2025-02-04 16:44:53.086 +02:00 [INF] [ChangeManager] (Add) Source:C:\Users\zakg6\AppData\Local\Temp\4af5db53-ff5e-473f-9d06-e4e2223de263\impact\Views\MyProfilePage.xaml Destination:D:\FitnessApp\AppMaui\FitnessApp\Views\MyProfilePage.xaml
2025-02-04 16:44:53.088 +02:00 [INF] [PathResolver]: Attempting to resolve key: ResolutionInfoKey { Id = Grial#NewsMyProfileViewModel.cs, ProjectPath = ViewModels\MyProfileViewModel.cs }
2025-02-04 16:44:53.088 +02:00 [INF] [PathResolver]: Attempting to resolve key: ResolutionInfoKey { Id = Grial#NewsMyProfilePage.xaml, ProjectPath = Views\NewsFlow\MyProfilePage.xaml.cs }
2025-02-04 16:44:53.090 +02:00 [INF] [PathResolver]: Resolved asset with id {Grial#NewsMyProfileViewModel.cs} with { Path: D:\FitnessApp\AppMaui\FitnessApp\ViewModels\MyProfileViewModel.cs, RelativePath: ViewModels\MyProfileViewModel.cs, AssignedDestinationPath: C:\Users\zakg6\AppData\Local\Temp\4af5db53-ff5e-473f-9d06-e4e2223de263\impact\ViewModels\MyProfileViewModel.cs }
2025-02-04 16:44:53.090 +02:00 [INF] [ChangeManager] (Add) Source:C:\Users\zakg6\AppData\Local\Temp\4af5db53-ff5e-473f-9d06-e4e2223de263\impact\ViewModels\MyProfileViewModel.cs Destination:D:\FitnessApp\AppMaui\FitnessApp\ViewModels\MyProfileViewModel.cs
2025-02-04 16:44:53.091 +02:00 [INF] [PathResolver]: Attempting to resolve key: ResolutionInfoKey { Id = Grial#IconText.xaml, ProjectPath = Controls\IconText.xaml.cs }
2025-02-04 16:44:53.091 +02:00 [INF] [PathResolver]: Resolved asset with id {Grial#IconText.xaml} with { Path: D:\FitnessApp\AppMaui\FitnessApp\Controls\IconText.xaml.cs, RelativePath: Controls\IconText.xaml.cs, AssignedDestinationPath: C:\Users\zakg6\AppData\Local\Temp\4af5db53-ff5e-473f-9d06-e4e2223de263\impact\Controls\IconText.xaml.cs }
2025-02-04 16:44:53.091 +02:00 [INF] [ChangeManager] (Add) Source:C:\Users\zakg6\AppData\Local\Temp\4af5db53-ff5e-473f-9d06-e4e2223de263\impact\Controls\IconText.xaml.cs Destination:D:\FitnessApp\AppMaui\FitnessApp\Controls\IconText.xaml.cs
2025-02-04 16:44:53.093 +02:00 [INF] [PathResolver]: Attempting to resolve key: ResolutionInfoKey { Id = Grial#IconText.xaml, ProjectPath = Controls\IconText.xaml }
2025-02-04 16:44:53.093 +02:00 [INF] [PathResolver]: Resolved asset with id {Grial#IconText.xaml} with { Path: D:\FitnessApp\AppMaui\FitnessApp\Controls\IconText.xaml, RelativePath: Controls\IconText.xaml, AssignedDestinationPath: C:\Users\zakg6\AppData\Local\Temp\4af5db53-ff5e-473f-9d06-e4e2223de263\impact\Controls\IconText.xaml }
2025-02-04 16:44:53.093 +02:00 [INF] [ChangeManager] (Add) Source:C:\Users\zakg6\AppData\Local\Temp\4af5db53-ff5e-473f-9d06-e4e2223de263\impact\Controls\IconText.xaml Destination:D:\FitnessApp\AppMaui\FitnessApp\Controls\IconText.xaml
2025-02-04 16:44:53.094 +02:00 [INF] [PathResolver]: Attempting to resolve key: ResolutionInfoKey { Id = Grial#OrientationLayout.cs, ProjectPath = Controls\Enums\OrientationLayout.cs }
2025-02-04 16:44:53.094 +02:00 [INF] [PathResolver]: Resolved asset with id {Grial#OrientationLayout.cs} with { Path: D:\FitnessApp\AppMaui\FitnessApp\Controls\Enums\OrientationLayout.cs, RelativePath: Controls\Enums\OrientationLayout.cs, AssignedDestinationPath: C:\Users\zakg6\AppData\Local\Temp\4af5db53-ff5e-473f-9d06-e4e2223de263\impact\Controls\Enums\OrientationLayout.cs }
2025-02-04 16:44:53.094 +02:00 [INF] [ChangeManager] (Add) Source:C:\Users\zakg6\AppData\Local\Temp\4af5db53-ff5e-473f-9d06-e4e2223de263\impact\Controls\Enums\OrientationLayout.cs Destination:D:\FitnessApp\AppMaui\FitnessApp\Controls\Enums\OrientationLayout.cs
2025-02-04 16:44:53.095 +02:00 [INF] [PathResolver]: Attempting to resolve key: ResolutionInfoKey { Id = Grial#IconAttribute.cs, ProjectPath = Controls\Enums\IconAttribute.cs }
2025-02-04 16:44:53.095 +02:00 [INF] [PathResolver]: Resolved asset with id {Grial#IconAttribute.cs} with { Path: D:\FitnessApp\AppMaui\FitnessApp\Controls\Enums\IconAttribute.cs, RelativePath: Controls\Enums\IconAttribute.cs, AssignedDestinationPath: C:\Users\zakg6\AppData\Local\Temp\4af5db53-ff5e-473f-9d06-e4e2223de263\impact\Controls\Enums\IconAttribute.cs }
2025-02-04 16:44:53.095 +02:00 [INF] [ChangeManager] (Add) Source:C:\Users\zakg6\AppData\Local\Temp\4af5db53-ff5e-473f-9d06-e4e2223de263\impact\Controls\Enums\IconAttribute.cs Destination:D:\FitnessApp\AppMaui\FitnessApp\Controls\Enums\IconAttribute.cs
2025-02-04 16:44:53.096 +02:00 [INF] [PathResolver]: Attempting to resolve key: ResolutionInfoKey { Id = Grial#NewsListItemTemplate.xaml, ProjectPath = Views\NewsFlow\Templates\NewsListItemTemplate.xaml.cs }
2025-02-04 16:44:53.096 +02:00 [INF] [PathResolver]: Attempting to resolve key: ResolutionInfoKey { Id = Grial#NewsMyProfilePage.xaml, ProjectPath = Views\NewsFlow\MyProfilePage.xaml.cs }
2025-02-04 16:44:53.096 +02:00 [INF] [PathResolver]: Resolved relative path with temporary folder for path: C:\Users\zakg6\AppData\Local\Temp\4af5db53-ff5e-473f-9d06-e4e2223de263\impact\Views\Templates\NewsListItemTemplate.xaml.cs
2025-02-04 16:44:53.096 +02:00 [INF] [PathResolver]: Resolved asset with id {Grial#NewsListItemTemplate.xaml} with { Path: C:\Users\zakg6\AppData\Local\Temp\4af5db53-ff5e-473f-9d06-e4e2223de263\impact\Views\Templates\NewsListItemTemplate.xaml.cs, RelativePath: Views\Templates\NewsListItemTemplate.xaml.cs, AssignedDestinationPath: C:\Users\zakg6\AppData\Local\Temp\4af5db53-ff5e-473f-9d06-e4e2223de263\impact\Views\Templates\NewsListItemTemplate.xaml.cs }
2025-02-04 16:44:53.096 +02:00 [INF] [ChangeManager] (Add) Source:C:\Users\zakg6\AppData\Local\Temp\4af5db53-ff5e-473f-9d06-e4e2223de263\impact\Views\Templates\NewsListItemTemplate.xaml.cs Destination:D:\FitnessApp\AppMaui\FitnessApp\Views\Templates\NewsListItemTemplate.xaml.cs
2025-02-04 16:44:53.098 +02:00 [INF] [PathResolver]: Attempting to resolve key: ResolutionInfoKey { Id = Grial#NewsListItemTemplate.xaml, ProjectPath = Views\NewsFlow\Templates\NewsListItemTemplate.xaml }
2025-02-04 16:44:53.098 +02:00 [INF] [PathResolver]: Attempting to resolve key: ResolutionInfoKey { Id = Grial#NewsMyProfilePage.xaml, ProjectPath = Views\NewsFlow\MyProfilePage.xaml.cs }
2025-02-04 16:44:53.098 +02:00 [INF] [PathResolver]: Resolved relative path with temporary folder for path: C:\Users\zakg6\AppData\Local\Temp\4af5db53-ff5e-473f-9d06-e4e2223de263\impact\Views\Templates\NewsListItemTemplate.xaml
2025-02-04 16:44:53.098 +02:00 [INF] [PathResolver]: Resolved asset with id {Grial#NewsListItemTemplate.xaml} with { Path: C:\Users\zakg6\AppData\Local\Temp\4af5db53-ff5e-473f-9d06-e4e2223de263\impact\Views\Templates\NewsListItemTemplate.xaml, RelativePath: Views\Templates\NewsListItemTemplate.xaml, AssignedDestinationPath: C:\Users\zakg6\AppData\Local\Temp\4af5db53-ff5e-473f-9d06-e4e2223de263\impact\Views\Templates\NewsListItemTemplate.xaml }
2025-02-04 16:44:53.098 +02:00 [INF] [ChangeManager] (Add) Source:C:\Users\zakg6\AppData\Local\Temp\4af5db53-ff5e-473f-9d06-e4e2223de263\impact\Views\Templates\NewsListItemTemplate.xaml Destination:D:\FitnessApp\AppMaui\FitnessApp\Views\Templates\NewsListItemTemplate.xaml
2025-02-04 16:44:53.099 +02:00 [INF] [PathResolver]: Attempting to resolve key: ResolutionInfoKey { Id = Grial#NewsData.cs, ProjectPath = ViewModels\Data\NewsData.cs }
2025-02-04 16:44:53.099 +02:00 [INF] [PathResolver]: Resolved asset with id {Grial#NewsData.cs} with { Path: D:\FitnessApp\AppMaui\FitnessApp\ViewModels\Data\NewsData.cs, RelativePath: ViewModels\Data\NewsData.cs, AssignedDestinationPath: C:\Users\zakg6\AppData\Local\Temp\4af5db53-ff5e-473f-9d06-e4e2223de263\impact\ViewModels\Data\NewsData.cs }
2025-02-04 16:44:53.099 +02:00 [INF] [ChangeManager] (Add) Source:C:\Users\zakg6\AppData\Local\Temp\4af5db53-ff5e-473f-9d06-e4e2223de263\impact\ViewModels\Data\NewsData.cs Destination:D:\FitnessApp\AppMaui\FitnessApp\ViewModels\Data\NewsData.cs
2025-02-04 16:44:53.100 +02:00 [INF] [PathResolver]: Attempting to resolve key: ResolutionInfoKey { Id = Grial#ObservableObject.cs, ProjectPath = Helpers\ObservableObject.cs }
2025-02-04 16:44:53.100 +02:00 [INF] [PathResolver]: Resolved asset with id {Grial#ObservableObject.cs} with { Path: D:\FitnessApp\AppMaui\FitnessApp\Helpers\ObservableObject.cs, RelativePath: Helpers\ObservableObject.cs, AssignedDestinationPath: C:\Users\zakg6\AppData\Local\Temp\4af5db53-ff5e-473f-9d06-e4e2223de263\impact\Helpers\ObservableObject.cs }
2025-02-04 16:44:53.100 +02:00 [INF] [ChangeManager] (Add) Source:C:\Users\zakg6\AppData\Local\Temp\4af5db53-ff5e-473f-9d06-e4e2223de263\impact\Helpers\ObservableObject.cs Destination:D:\FitnessApp\AppMaui\FitnessApp\Helpers\ObservableObject.cs
2025-02-04 16:44:53.101 +02:00 [INF] [PathResolver]: Attempting to resolve key: ResolutionInfoKey { Id = Grial#JsonHelper.cs, ProjectPath = Helpers\JsonHelper.cs }
2025-02-04 16:44:53.101 +02:00 [INF] [PathResolver]: Resolved asset with id {Grial#JsonHelper.cs} with { Path: D:\FitnessApp\AppMaui\FitnessApp\Helpers\JsonHelper.cs, RelativePath: Helpers\JsonHelper.cs, AssignedDestinationPath: C:\Users\zakg6\AppData\Local\Temp\4af5db53-ff5e-473f-9d06-e4e2223de263\impact\Helpers\JsonHelper.cs }
2025-02-04 16:44:53.101 +02:00 [INF] [ChangeManager] (Add) Source:C:\Users\zakg6\AppData\Local\Temp\4af5db53-ff5e-473f-9d06-e4e2223de263\impact\Helpers\JsonHelper.cs Destination:D:\FitnessApp\AppMaui\FitnessApp\Helpers\JsonHelper.cs
2025-02-04 16:44:53.102 +02:00 [INF] [PathResolver]: Attempting to resolve key: ResolutionInfoKey { Id = Grial#News.json, ProjectPath = ViewModels\Data\News.json }
2025-02-04 16:44:53.102 +02:00 [INF] [PathResolver]: Resolved asset with id {Grial#News.json} with { Path: D:\FitnessApp\AppMaui\FitnessApp\ViewModels\Data\News.json, RelativePath: ViewModels\Data\News.json, AssignedDestinationPath: C:\Users\zakg6\AppData\Local\Temp\4af5db53-ff5e-473f-9d06-e4e2223de263\impact\ViewModels\Data\News.json }
2025-02-04 16:44:53.102 +02:00 [INF] [ChangeManager] (Add) Source:C:\Users\zakg6\AppData\Local\Temp\4af5db53-ff5e-473f-9d06-e4e2223de263\impact\ViewModels\Data\News.json Destination:D:\FitnessApp\AppMaui\FitnessApp\ViewModels\Data\News.json
2025-02-04 16:44:53.103 +02:00 [INF] [PathResolver]: Attempting to resolve key: ResolutionInfoKey { Id = Grial#NewsLoginPage.xaml, ProjectPath = Views\NewsFlow\LoginPage.xaml.cs }
2025-02-04 16:44:53.103 +02:00 [INF] [PathResolver]: Resolved asset with id {Grial#NewsLoginPage.xaml} with { Path: D:\FitnessApp\AppMaui\FitnessApp\Views\LoginPage.xaml.cs, RelativePath: Views\LoginPage.xaml.cs, AssignedDestinationPath: C:\Users\zakg6\AppData\Local\Temp\4af5db53-ff5e-473f-9d06-e4e2223de263\impact\Views\LoginPage.xaml.cs }
2025-02-04 16:44:53.103 +02:00 [INF] [ChangeManager] (Add) Source:C:\Users\zakg6\AppData\Local\Temp\4af5db53-ff5e-473f-9d06-e4e2223de263\impact\Views\LoginPage.xaml.cs Destination:D:\FitnessApp\AppMaui\FitnessApp\Views\LoginPage.xaml.cs
2025-02-04 16:44:53.104 +02:00 [INF] [PathResolver]: Attempting to resolve key: ResolutionInfoKey { Id = Grial#NewsLoginPage.xaml, ProjectPath = Views\NewsFlow\LoginPage.xaml }
2025-02-04 16:44:53.104 +02:00 [INF] [PathResolver]: Resolved asset with id {Grial#NewsLoginPage.xaml} with { Path: D:\FitnessApp\AppMaui\FitnessApp\Views\LoginPage.xaml, RelativePath: Views\LoginPage.xaml, AssignedDestinationPath: C:\Users\zakg6\AppData\Local\Temp\4af5db53-ff5e-473f-9d06-e4e2223de263\impact\Views\LoginPage.xaml }
2025-02-04 16:44:53.104 +02:00 [INF] [ChangeManager] (Add) Source:C:\Users\zakg6\AppData\Local\Temp\4af5db53-ff5e-473f-9d06-e4e2223de263\impact\Views\LoginPage.xaml Destination:D:\FitnessApp\AppMaui\FitnessApp\Views\LoginPage.xaml
2025-02-04 16:44:53.106 +02:00 [INF] [PathResolver]: Attempting to resolve key: ResolutionInfoKey { Id = Grial#NewsDetailPage.xaml, ProjectPath = Views\NewsFlow\DetailPage.xaml.cs }
2025-02-04 16:44:53.106 +02:00 [INF] [PathResolver]: Resolved asset with id {Grial#NewsDetailPage.xaml} with { Path: D:\FitnessApp\AppMaui\FitnessApp\Views\DetailPage.xaml.cs, RelativePath: Views\DetailPage.xaml.cs, AssignedDestinationPath: C:\Users\zakg6\AppData\Local\Temp\4af5db53-ff5e-473f-9d06-e4e2223de263\impact\Views\DetailPage.xaml.cs }
2025-02-04 16:44:53.106 +02:00 [INF] [ChangeManager] (Add) Source:C:\Users\zakg6\AppData\Local\Temp\4af5db53-ff5e-473f-9d06-e4e2223de263\impact\Views\DetailPage.xaml.cs Destination:D:\FitnessApp\AppMaui\FitnessApp\Views\DetailPage.xaml.cs
2025-02-04 16:44:53.108 +02:00 [INF] [PathResolver]: Attempting to resolve key: ResolutionInfoKey { Id = Grial#NewsDetailPage.xaml, ProjectPath = Views\NewsFlow\DetailPage.xaml }
2025-02-04 16:44:53.108 +02:00 [INF] [PathResolver]: Resolved asset with id {Grial#NewsDetailPage.xaml} with { Path: D:\FitnessApp\AppMaui\FitnessApp\Views\DetailPage.xaml, RelativePath: Views\DetailPage.xaml, AssignedDestinationPath: C:\Users\zakg6\AppData\Local\Temp\4af5db53-ff5e-473f-9d06-e4e2223de263\impact\Views\DetailPage.xaml }
2025-02-04 16:44:53.108 +02:00 [INF] [ChangeManager] (Add) Source:C:\Users\zakg6\AppData\Local\Temp\4af5db53-ff5e-473f-9d06-e4e2223de263\impact\Views\DetailPage.xaml Destination:D:\FitnessApp\AppMaui\FitnessApp\Views\DetailPage.xaml
2025-02-04 16:44:53.109 +02:00 [INF] [PathResolver]: Attempting to resolve key: ResolutionInfoKey { Id = Grial#NewsDetailViewModel.cs, ProjectPath = ViewModels\DetailViewModel.cs }
2025-02-04 16:44:53.109 +02:00 [INF] [PathResolver]: Attempting to resolve key: ResolutionInfoKey { Id = Grial#NewsDetailPage.xaml, ProjectPath = Views\NewsFlow\DetailPage.xaml.cs }
2025-02-04 16:44:53.109 +02:00 [INF] [PathResolver]: Resolved asset with id {Grial#NewsDetailViewModel.cs} with { Path: D:\FitnessApp\AppMaui\FitnessApp\ViewModels\DetailViewModel.cs, RelativePath: ViewModels\DetailViewModel.cs, AssignedDestinationPath: C:\Users\zakg6\AppData\Local\Temp\4af5db53-ff5e-473f-9d06-e4e2223de263\impact\ViewModels\DetailViewModel.cs }
2025-02-04 16:44:53.109 +02:00 [INF] [ChangeManager] (Add) Source:C:\Users\zakg6\AppData\Local\Temp\4af5db53-ff5e-473f-9d06-e4e2223de263\impact\ViewModels\DetailViewModel.cs Destination:D:\FitnessApp\AppMaui\FitnessApp\ViewModels\DetailViewModel.cs
2025-02-04 16:44:53.110 +02:00 [INF] [PathResolver]: Attempting to resolve key: ResolutionInfoKey { Id = Grial#RoundedIcon.xaml, ProjectPath = Controls\RoundedIcon.xaml.cs }
2025-02-04 16:44:53.110 +02:00 [INF] [PathResolver]: Resolved asset with id {Grial#RoundedIcon.xaml} with { Path: D:\FitnessApp\AppMaui\FitnessApp\Controls\RoundedIcon.xaml.cs, RelativePath: Controls\RoundedIcon.xaml.cs, AssignedDestinationPath: C:\Users\zakg6\AppData\Local\Temp\4af5db53-ff5e-473f-9d06-e4e2223de263\impact\Controls\RoundedIcon.xaml.cs }
2025-02-04 16:44:53.110 +02:00 [INF] [ChangeManager] (Add) Source:C:\Users\zakg6\AppData\Local\Temp\4af5db53-ff5e-473f-9d06-e4e2223de263\impact\Controls\RoundedIcon.xaml.cs Destination:D:\FitnessApp\AppMaui\FitnessApp\Controls\RoundedIcon.xaml.cs
2025-02-04 16:44:53.111 +02:00 [INF] [PathResolver]: Attempting to resolve key: ResolutionInfoKey { Id = Grial#RoundedIcon.xaml, ProjectPath = Controls\RoundedIcon.xaml }
2025-02-04 16:44:53.111 +02:00 [INF] [PathResolver]: Resolved asset with id {Grial#RoundedIcon.xaml} with { Path: D:\FitnessApp\AppMaui\FitnessApp\Controls\RoundedIcon.xaml, RelativePath: Controls\RoundedIcon.xaml, AssignedDestinationPath: C:\Users\zakg6\AppData\Local\Temp\4af5db53-ff5e-473f-9d06-e4e2223de263\impact\Controls\RoundedIcon.xaml }
2025-02-04 16:44:53.111 +02:00 [INF] [ChangeManager] (Add) Source:C:\Users\zakg6\AppData\Local\Temp\4af5db53-ff5e-473f-9d06-e4e2223de263\impact\Controls\RoundedIcon.xaml Destination:D:\FitnessApp\AppMaui\FitnessApp\Controls\RoundedIcon.xaml
2025-02-04 16:44:53.112 +02:00 [INF] [PathResolver]: Attempting to resolve key: ResolutionInfoKey { Id = Grial#NewsSourcesPage.xaml, ProjectPath = Views\NewsFlow\SourcesPage.xaml.cs }
2025-02-04 16:44:53.112 +02:00 [INF] [PathResolver]: Resolved asset with id {Grial#NewsSourcesPage.xaml} with { Path: D:\FitnessApp\AppMaui\FitnessApp\Views\SourcesPage.xaml.cs, RelativePath: Views\SourcesPage.xaml.cs, AssignedDestinationPath: C:\Users\zakg6\AppData\Local\Temp\4af5db53-ff5e-473f-9d06-e4e2223de263\impact\Views\SourcesPage.xaml.cs }
2025-02-04 16:44:53.112 +02:00 [INF] [ChangeManager] (Add) Source:C:\Users\zakg6\AppData\Local\Temp\4af5db53-ff5e-473f-9d06-e4e2223de263\impact\Views\SourcesPage.xaml.cs Destination:D:\FitnessApp\AppMaui\FitnessApp\Views\SourcesPage.xaml.cs
2025-02-04 16:44:53.113 +02:00 [INF] [PathResolver]: Attempting to resolve key: ResolutionInfoKey { Id = Grial#NewsSourcesPage.xaml, ProjectPath = Views\NewsFlow\SourcesPage.xaml }
2025-02-04 16:44:53.113 +02:00 [INF] [PathResolver]: Resolved asset with id {Grial#NewsSourcesPage.xaml} with { Path: D:\FitnessApp\AppMaui\FitnessApp\Views\SourcesPage.xaml, RelativePath: Views\SourcesPage.xaml, AssignedDestinationPath: C:\Users\zakg6\AppData\Local\Temp\4af5db53-ff5e-473f-9d06-e4e2223de263\impact\Views\SourcesPage.xaml }
2025-02-04 16:44:53.113 +02:00 [INF] [ChangeManager] (Add) Source:C:\Users\zakg6\AppData\Local\Temp\4af5db53-ff5e-473f-9d06-e4e2223de263\impact\Views\SourcesPage.xaml Destination:D:\FitnessApp\AppMaui\FitnessApp\Views\SourcesPage.xaml
2025-02-04 16:44:53.114 +02:00 [INF] [PathResolver]: Attempting to resolve key: ResolutionInfoKey { Id = Grial#NewsSourcesViewModel.cs, ProjectPath = ViewModels\SourcesViewModel.cs }
2025-02-04 16:44:53.114 +02:00 [INF] [PathResolver]: Attempting to resolve key: ResolutionInfoKey { Id = Grial#NewsSourcesPage.xaml, ProjectPath = Views\NewsFlow\SourcesPage.xaml.cs }
2025-02-04 16:44:53.114 +02:00 [INF] [PathResolver]: Resolved asset with id {Grial#NewsSourcesViewModel.cs} with { Path: D:\FitnessApp\AppMaui\FitnessApp\ViewModels\SourcesViewModel.cs, RelativePath: ViewModels\SourcesViewModel.cs, AssignedDestinationPath: C:\Users\zakg6\AppData\Local\Temp\4af5db53-ff5e-473f-9d06-e4e2223de263\impact\ViewModels\SourcesViewModel.cs }
2025-02-04 16:44:53.114 +02:00 [INF] [ChangeManager] (Add) Source:C:\Users\zakg6\AppData\Local\Temp\4af5db53-ff5e-473f-9d06-e4e2223de263\impact\ViewModels\SourcesViewModel.cs Destination:D:\FitnessApp\AppMaui\FitnessApp\ViewModels\SourcesViewModel.cs
2025-02-04 16:44:53.122 +02:00 [INF] [PathResolver]: Attempting to resolve key: ResolutionInfoKey { Id = Grial#earth.png, ProjectPath = Resources\Images\TabIcons\earth.png }
2025-02-04 16:44:53.123 +02:00 [INF] [PathResolver]: Resolved asset with id {Grial#earth.png} with { Path: D:\FitnessApp\AppMaui\FitnessApp\Resources\Images\TabIcons\earth.png, RelativePath: Resources\Images\TabIcons\earth.png, AssignedDestinationPath: C:\Users\zakg6\AppData\Local\Temp\4af5db53-ff5e-473f-9d06-e4e2223de263\impact\Resources\Images\TabIcons\earth.png }
2025-02-04 16:44:53.123 +02:00 [INF] [ChangeManager] (Add) Source:C:\Users\zakg6\AppData\Local\Temp\4af5db53-ff5e-473f-9d06-e4e2223de263\impact\Resources\Images\TabIcons\earth.png Destination:D:\FitnessApp\AppMaui\FitnessApp\Resources\Images\TabIcons\earth.png
2025-02-04 16:44:53.124 +02:00 [INF] [PathResolver]: Attempting to resolve key: ResolutionInfoKey { Id = Grial#NewsSourceProfilePage.xaml, ProjectPath = Views\NewsFlow\SourceProfilePage.xaml.cs }
2025-02-04 16:44:53.124 +02:00 [INF] [PathResolver]: Resolved asset with id {Grial#NewsSourceProfilePage.xaml} with { Path: D:\FitnessApp\AppMaui\FitnessApp\Views\SourceProfilePage.xaml.cs, RelativePath: Views\SourceProfilePage.xaml.cs, AssignedDestinationPath: C:\Users\zakg6\AppData\Local\Temp\4af5db53-ff5e-473f-9d06-e4e2223de263\impact\Views\SourceProfilePage.xaml.cs }
2025-02-04 16:44:53.124 +02:00 [INF] [ChangeManager] (Add) Source:C:\Users\zakg6\AppData\Local\Temp\4af5db53-ff5e-473f-9d06-e4e2223de263\impact\Views\SourceProfilePage.xaml.cs Destination:D:\FitnessApp\AppMaui\FitnessApp\Views\SourceProfilePage.xaml.cs
2025-02-04 16:44:53.125 +02:00 [INF] [PathResolver]: Attempting to resolve key: ResolutionInfoKey { Id = Grial#NewsSourceProfilePage.xaml, ProjectPath = Views\NewsFlow\SourceProfilePage.xaml }
2025-02-04 16:44:53.125 +02:00 [INF] [PathResolver]: Resolved asset with id {Grial#NewsSourceProfilePage.xaml} with { Path: D:\FitnessApp\AppMaui\FitnessApp\Views\SourceProfilePage.xaml, RelativePath: Views\SourceProfilePage.xaml, AssignedDestinationPath: C:\Users\zakg6\AppData\Local\Temp\4af5db53-ff5e-473f-9d06-e4e2223de263\impact\Views\SourceProfilePage.xaml }
2025-02-04 16:44:53.125 +02:00 [INF] [ChangeManager] (Add) Source:C:\Users\zakg6\AppData\Local\Temp\4af5db53-ff5e-473f-9d06-e4e2223de263\impact\Views\SourceProfilePage.xaml Destination:D:\FitnessApp\AppMaui\FitnessApp\Views\SourceProfilePage.xaml
2025-02-04 16:44:53.126 +02:00 [INF] [PathResolver]: Attempting to resolve key: ResolutionInfoKey { Id = Grial#NewsSourceProfileViewModel.cs, ProjectPath = ViewModels\SourceProfileViewModel.cs }
2025-02-04 16:44:53.126 +02:00 [INF] [PathResolver]: Attempting to resolve key: ResolutionInfoKey { Id = Grial#NewsSourceProfilePage.xaml, ProjectPath = Views\NewsFlow\SourceProfilePage.xaml.cs }
2025-02-04 16:44:53.126 +02:00 [INF] [PathResolver]: Resolved asset with id {Grial#NewsSourceProfileViewModel.cs} with { Path: D:\FitnessApp\AppMaui\FitnessApp\ViewModels\SourceProfileViewModel.cs, RelativePath: ViewModels\SourceProfileViewModel.cs, AssignedDestinationPath: C:\Users\zakg6\AppData\Local\Temp\4af5db53-ff5e-473f-9d06-e4e2223de263\impact\ViewModels\SourceProfileViewModel.cs }
2025-02-04 16:44:53.126 +02:00 [INF] [ChangeManager] (Add) Source:C:\Users\zakg6\AppData\Local\Temp\4af5db53-ff5e-473f-9d06-e4e2223de263\impact\ViewModels\SourceProfileViewModel.cs Destination:D:\FitnessApp\AppMaui\FitnessApp\ViewModels\SourceProfileViewModel.cs
2025-02-04 16:44:53.127 +02:00 [INF] [PathResolver]: Attempting to resolve key: ResolutionInfoKey { Id = Grial#NewsWelcomePage.xaml, ProjectPath = Views\NewsFlow\WelcomePage.xaml.cs }
2025-02-04 16:44:53.127 +02:00 [INF] [PathResolver]: Resolved asset with id {Grial#NewsWelcomePage.xaml} with { Path: D:\FitnessApp\AppMaui\FitnessApp\Views\WelcomePage.xaml.cs, RelativePath: Views\WelcomePage.xaml.cs, AssignedDestinationPath: C:\Users\zakg6\AppData\Local\Temp\4af5db53-ff5e-473f-9d06-e4e2223de263\impact\Views\WelcomePage.xaml.cs }
2025-02-04 16:44:53.127 +02:00 [INF] [ChangeManager] (Add) Source:C:\Users\zakg6\AppData\Local\Temp\4af5db53-ff5e-473f-9d06-e4e2223de263\impact\Views\WelcomePage.xaml.cs Destination:D:\FitnessApp\AppMaui\FitnessApp\Views\WelcomePage.xaml.cs
2025-02-04 16:44:53.128 +02:00 [INF] [PathResolver]: Attempting to resolve key: ResolutionInfoKey { Id = Grial#NewsWelcomePage.xaml, ProjectPath = Views\NewsFlow\WelcomePage.xaml }
2025-02-04 16:44:53.128 +02:00 [INF] [PathResolver]: Resolved asset with id {Grial#NewsWelcomePage.xaml} with { Path: D:\FitnessApp\AppMaui\FitnessApp\Views\WelcomePage.xaml, RelativePath: Views\WelcomePage.xaml, AssignedDestinationPath: C:\Users\zakg6\AppData\Local\Temp\4af5db53-ff5e-473f-9d06-e4e2223de263\impact\Views\WelcomePage.xaml }
2025-02-04 16:44:53.128 +02:00 [INF] [ChangeManager] (Add) Source:C:\Users\zakg6\AppData\Local\Temp\4af5db53-ff5e-473f-9d06-e4e2223de263\impact\Views\WelcomePage.xaml Destination:D:\FitnessApp\AppMaui\FitnessApp\Views\WelcomePage.xaml
2025-02-04 16:44:53.129 +02:00 [INF] [PathResolver]: Attempting to resolve key: ResolutionInfoKey { Id = Grial#IconButton.xaml, ProjectPath = Controls\IconButton.xaml.cs }
2025-02-04 16:44:53.129 +02:00 [INF] [PathResolver]: Resolved asset with id {Grial#IconButton.xaml} with { Path: D:\FitnessApp\AppMaui\FitnessApp\Controls\IconButton.xaml.cs, RelativePath: Controls\IconButton.xaml.cs, AssignedDestinationPath: C:\Users\zakg6\AppData\Local\Temp\4af5db53-ff5e-473f-9d06-e4e2223de263\impact\Controls\IconButton.xaml.cs }
2025-02-04 16:44:53.129 +02:00 [INF] [ChangeManager] (Add) Source:C:\Users\zakg6\AppData\Local\Temp\4af5db53-ff5e-473f-9d06-e4e2223de263\impact\Controls\IconButton.xaml.cs Destination:D:\FitnessApp\AppMaui\FitnessApp\Controls\IconButton.xaml.cs
2025-02-04 16:44:53.130 +02:00 [INF] [PathResolver]: Attempting to resolve key: ResolutionInfoKey { Id = Grial#IconButton.xaml, ProjectPath = Controls\IconButton.xaml }
2025-02-04 16:44:53.130 +02:00 [INF] [PathResolver]: Resolved asset with id {Grial#IconButton.xaml} with { Path: D:\FitnessApp\AppMaui\FitnessApp\Controls\IconButton.xaml, RelativePath: Controls\IconButton.xaml, AssignedDestinationPath: C:\Users\zakg6\AppData\Local\Temp\4af5db53-ff5e-473f-9d06-e4e2223de263\impact\Controls\IconButton.xaml }
2025-02-04 16:44:53.130 +02:00 [INF] [ChangeManager] (Add) Source:C:\Users\zakg6\AppData\Local\Temp\4af5db53-ff5e-473f-9d06-e4e2223de263\impact\Controls\IconButton.xaml Destination:D:\FitnessApp\AppMaui\FitnessApp\Controls\IconButton.xaml
2025-02-04 16:44:53.131 +02:00 [INF] [PathResolver]: Attempting to resolve key: ResolutionInfoKey { Id = Grial#IconButtonPosition.cs, ProjectPath = Controls\Enums\IconButtonPosition.cs }
2025-02-04 16:44:53.131 +02:00 [INF] [PathResolver]: Resolved asset with id {Grial#IconButtonPosition.cs} with { Path: D:\FitnessApp\AppMaui\FitnessApp\Controls\Enums\IconButtonPosition.cs, RelativePath: Controls\Enums\IconButtonPosition.cs, AssignedDestinationPath: C:\Users\zakg6\AppData\Local\Temp\4af5db53-ff5e-473f-9d06-e4e2223de263\impact\Controls\Enums\IconButtonPosition.cs }
2025-02-04 16:44:53.131 +02:00 [INF] [ChangeManager] (Add) Source:C:\Users\zakg6\AppData\Local\Temp\4af5db53-ff5e-473f-9d06-e4e2223de263\impact\Controls\Enums\IconButtonPosition.cs Destination:D:\FitnessApp\AppMaui\FitnessApp\Controls\Enums\IconButtonPosition.cs
2025-02-04 16:44:53.132 +02:00 [INF] [PathResolver]: Attempting to resolve key: ResolutionInfoKey { Id = Grial#NewsTopicsPage.xaml, ProjectPath = Views\NewsFlow\TopicsPage.xaml.cs }
2025-02-04 16:44:53.132 +02:00 [INF] [PathResolver]: Resolved asset with id {Grial#NewsTopicsPage.xaml} with { Path: D:\FitnessApp\AppMaui\FitnessApp\Views\TopicsPage.xaml.cs, RelativePath: Views\TopicsPage.xaml.cs, AssignedDestinationPath: C:\Users\zakg6\AppData\Local\Temp\4af5db53-ff5e-473f-9d06-e4e2223de263\impact\Views\TopicsPage.xaml.cs }
2025-02-04 16:44:53.132 +02:00 [INF] [ChangeManager] (Add) Source:C:\Users\zakg6\AppData\Local\Temp\4af5db53-ff5e-473f-9d06-e4e2223de263\impact\Views\TopicsPage.xaml.cs Destination:D:\FitnessApp\AppMaui\FitnessApp\Views\TopicsPage.xaml.cs
2025-02-04 16:44:53.133 +02:00 [INF] [PathResolver]: Attempting to resolve key: ResolutionInfoKey { Id = Grial#NewsTopicsPage.xaml, ProjectPath = Views\NewsFlow\TopicsPage.xaml }
2025-02-04 16:44:53.133 +02:00 [INF] [PathResolver]: Resolved asset with id {Grial#NewsTopicsPage.xaml} with { Path: D:\FitnessApp\AppMaui\FitnessApp\Views\TopicsPage.xaml, RelativePath: Views\TopicsPage.xaml, AssignedDestinationPath: C:\Users\zakg6\AppData\Local\Temp\4af5db53-ff5e-473f-9d06-e4e2223de263\impact\Views\TopicsPage.xaml }
2025-02-04 16:44:53.133 +02:00 [INF] [ChangeManager] (Add) Source:C:\Users\zakg6\AppData\Local\Temp\4af5db53-ff5e-473f-9d06-e4e2223de263\impact\Views\TopicsPage.xaml Destination:D:\FitnessApp\AppMaui\FitnessApp\Views\TopicsPage.xaml
2025-02-04 16:44:53.134 +02:00 [INF] [PathResolver]: Attempting to resolve key: ResolutionInfoKey { Id = Grial#NewsTopicsViewModel.cs, ProjectPath = ViewModels\TopicsViewModel.cs }
2025-02-04 16:44:53.134 +02:00 [INF] [PathResolver]: Attempting to resolve key: ResolutionInfoKey { Id = Grial#NewsTopicsPage.xaml, ProjectPath = Views\NewsFlow\TopicsPage.xaml.cs }
2025-02-04 16:44:53.134 +02:00 [INF] [PathResolver]: Resolved asset with id {Grial#NewsTopicsViewModel.cs} with { Path: D:\FitnessApp\AppMaui\FitnessApp\ViewModels\TopicsViewModel.cs, RelativePath: ViewModels\TopicsViewModel.cs, AssignedDestinationPath: C:\Users\zakg6\AppData\Local\Temp\4af5db53-ff5e-473f-9d06-e4e2223de263\impact\ViewModels\TopicsViewModel.cs }
2025-02-04 16:44:53.134 +02:00 [INF] [ChangeManager] (Add) Source:C:\Users\zakg6\AppData\Local\Temp\4af5db53-ff5e-473f-9d06-e4e2223de263\impact\ViewModels\TopicsViewModel.cs Destination:D:\FitnessApp\AppMaui\FitnessApp\ViewModels\TopicsViewModel.cs
2025-02-04 16:44:53.136 +02:00 [INF] [PathResolver]: Attempting to resolve key: ResolutionInfoKey { Id = Grial#pages.png, ProjectPath = Resources\Images\TabIcons\pages.png }
2025-02-04 16:44:53.136 +02:00 [INF] [PathResolver]: Resolved asset with id {Grial#pages.png} with { Path: D:\FitnessApp\AppMaui\FitnessApp\Resources\Images\TabIcons\pages.png, RelativePath: Resources\Images\TabIcons\pages.png, AssignedDestinationPath: C:\Users\zakg6\AppData\Local\Temp\4af5db53-ff5e-473f-9d06-e4e2223de263\impact\Resources\Images\TabIcons\pages.png }
2025-02-04 16:44:53.136 +02:00 [INF] [ChangeManager] (Add) Source:C:\Users\zakg6\AppData\Local\Temp\4af5db53-ff5e-473f-9d06-e4e2223de263\impact\Resources\Images\TabIcons\pages.png Destination:D:\FitnessApp\AppMaui\FitnessApp\Resources\Images\TabIcons\pages.png
2025-02-04 16:44:53.137 +02:00 [INF] [PathResolver]: Attempting to resolve key: ResolutionInfoKey { Id = Grial#NewsMainPage.xaml, ProjectPath = Views\NewsFlow\MainPage.xaml.cs }
2025-02-04 16:44:53.137 +02:00 [INF] [PathResolver]: Resolved asset with id {Grial#NewsMainPage.xaml} with { Path: D:\FitnessApp\AppMaui\FitnessApp\Views\MainPage.xaml.cs, RelativePath: Views\MainPage.xaml.cs, AssignedDestinationPath: C:\Users\zakg6\AppData\Local\Temp\4af5db53-ff5e-473f-9d06-e4e2223de263\impact\Views\MainPage.xaml.cs }
2025-02-04 16:44:53.137 +02:00 [INF] [ChangeManager] (Add) Source:C:\Users\zakg6\AppData\Local\Temp\4af5db53-ff5e-473f-9d06-e4e2223de263\impact\Views\MainPage.xaml.cs Destination:D:\FitnessApp\AppMaui\FitnessApp\Views\MainPage.xaml.cs
2025-02-04 16:44:53.138 +02:00 [INF] [PathResolver]: Attempting to resolve key: ResolutionInfoKey { Id = Grial#NewsMainPage.xaml, ProjectPath = Views\NewsFlow\MainPage.xaml }
2025-02-04 16:44:53.138 +02:00 [INF] [PathResolver]: Resolved asset with id {Grial#NewsMainPage.xaml} with { Path: D:\FitnessApp\AppMaui\FitnessApp\Views\MainPage.xaml, RelativePath: Views\MainPage.xaml, AssignedDestinationPath: C:\Users\zakg6\AppData\Local\Temp\4af5db53-ff5e-473f-9d06-e4e2223de263\impact\Views\MainPage.xaml }
2025-02-04 16:44:53.138 +02:00 [INF] [ChangeManager] (Add) Source:C:\Users\zakg6\AppData\Local\Temp\4af5db53-ff5e-473f-9d06-e4e2223de263\impact\Views\MainPage.xaml Destination:D:\FitnessApp\AppMaui\FitnessApp\Views\MainPage.xaml
2025-02-04 16:44:53.138 +02:00 [INF] [PathResolver]: Attempting to resolve key: ResolutionInfoKey { Id = Grial#NewsListViewModel.cs, ProjectPath = ViewModels\MainViewModel.cs }
2025-02-04 16:44:53.138 +02:00 [INF] [PathResolver]: Attempting to resolve key: ResolutionInfoKey { Id = Grial#NewsMainPage.xaml, ProjectPath = Views\NewsFlow\MainPage.xaml.cs }
2025-02-04 16:44:53.138 +02:00 [INF] [PathResolver]: Resolved asset with id {Grial#NewsListViewModel.cs} with { Path: D:\FitnessApp\AppMaui\FitnessApp\ViewModels\MainViewModel.cs, RelativePath: ViewModels\MainViewModel.cs, AssignedDestinationPath: C:\Users\zakg6\AppData\Local\Temp\4af5db53-ff5e-473f-9d06-e4e2223de263\impact\ViewModels\MainViewModel.cs }
2025-02-04 16:44:53.138 +02:00 [INF] [ChangeManager] (Add) Source:C:\Users\zakg6\AppData\Local\Temp\4af5db53-ff5e-473f-9d06-e4e2223de263\impact\ViewModels\MainViewModel.cs Destination:D:\FitnessApp\AppMaui\FitnessApp\ViewModels\MainViewModel.cs
2025-02-04 16:44:53.140 +02:00 [INF] [PathResolver]: Attempting to resolve key: ResolutionInfoKey { Id = Grial#NewsListPage.xaml, ProjectPath = Views\NewsFlow\ListPage.xaml.cs }
2025-02-04 16:44:53.140 +02:00 [INF] [PathResolver]: Resolved asset with id {Grial#NewsListPage.xaml} with { Path: D:\FitnessApp\AppMaui\FitnessApp\Views\ListPage.xaml.cs, RelativePath: Views\ListPage.xaml.cs, AssignedDestinationPath: C:\Users\zakg6\AppData\Local\Temp\4af5db53-ff5e-473f-9d06-e4e2223de263\impact\Views\ListPage.xaml.cs }
2025-02-04 16:44:53.140 +02:00 [INF] [ChangeManager] (Add) Source:C:\Users\zakg6\AppData\Local\Temp\4af5db53-ff5e-473f-9d06-e4e2223de263\impact\Views\ListPage.xaml.cs Destination:D:\FitnessApp\AppMaui\FitnessApp\Views\ListPage.xaml.cs
2025-02-04 16:44:53.141 +02:00 [INF] [PathResolver]: Attempting to resolve key: ResolutionInfoKey { Id = Grial#NewsListPage.xaml, ProjectPath = Views\NewsFlow\ListPage.xaml }
2025-02-04 16:44:53.141 +02:00 [INF] [PathResolver]: Resolved asset with id {Grial#NewsListPage.xaml} with { Path: D:\FitnessApp\AppMaui\FitnessApp\Views\ListPage.xaml, RelativePath: Views\ListPage.xaml, AssignedDestinationPath: C:\Users\zakg6\AppData\Local\Temp\4af5db53-ff5e-473f-9d06-e4e2223de263\impact\Views\ListPage.xaml }
2025-02-04 16:44:53.141 +02:00 [INF] [ChangeManager] (Add) Source:C:\Users\zakg6\AppData\Local\Temp\4af5db53-ff5e-473f-9d06-e4e2223de263\impact\Views\ListPage.xaml Destination:D:\FitnessApp\AppMaui\FitnessApp\Views\ListPage.xaml
2025-02-04 16:44:53.142 +02:00 [INF] [PathResolver]: Attempting to resolve key: ResolutionInfoKey { Id = Grial#diamond.png, ProjectPath = Resources\Images\TabIcons\diamond.png }
2025-02-04 16:44:53.142 +02:00 [INF] [PathResolver]: Resolved asset with id {Grial#diamond.png} with { Path: D:\FitnessApp\AppMaui\FitnessApp\Resources\Images\TabIcons\diamond.png, RelativePath: Resources\Images\TabIcons\diamond.png, AssignedDestinationPath: C:\Users\zakg6\AppData\Local\Temp\4af5db53-ff5e-473f-9d06-e4e2223de263\impact\Resources\Images\TabIcons\diamond.png }
2025-02-04 16:44:53.142 +02:00 [INF] [ChangeManager] (Add) Source:C:\Users\zakg6\AppData\Local\Temp\4af5db53-ff5e-473f-9d06-e4e2223de263\impact\Resources\Images\TabIcons\diamond.png Destination:D:\FitnessApp\AppMaui\FitnessApp\Resources\Images\TabIcons\diamond.png
2025-02-04 16:44:53.143 +02:00 [INF] [PathResolver]: Attempting to resolve key: ResolutionInfoKey { Id = Grial#NewsCarouselItemTemplate.xaml, ProjectPath = Views\NewsFlow\Templates\NewsCarouselItemTemplate.xaml.cs }
2025-02-04 16:44:53.143 +02:00 [INF] [PathResolver]: Attempting to resolve key: ResolutionInfoKey { Id = Grial#NewsMainPage.xaml, ProjectPath = Views\NewsFlow\MainPage.xaml.cs }
2025-02-04 16:44:53.143 +02:00 [INF] [PathResolver]: Resolved relative path with temporary folder for path: C:\Users\zakg6\AppData\Local\Temp\4af5db53-ff5e-473f-9d06-e4e2223de263\impact\Views\Templates\NewsCarouselItemTemplate.xaml.cs
2025-02-04 16:44:53.143 +02:00 [INF] [PathResolver]: Resolved asset with id {Grial#NewsCarouselItemTemplate.xaml} with { Path: C:\Users\zakg6\AppData\Local\Temp\4af5db53-ff5e-473f-9d06-e4e2223de263\impact\Views\Templates\NewsCarouselItemTemplate.xaml.cs, RelativePath: Views\Templates\NewsCarouselItemTemplate.xaml.cs, AssignedDestinationPath: C:\Users\zakg6\AppData\Local\Temp\4af5db53-ff5e-473f-9d06-e4e2223de263\impact\Views\Templates\NewsCarouselItemTemplate.xaml.cs }
2025-02-04 16:44:53.143 +02:00 [INF] [ChangeManager] (Add) Source:C:\Users\zakg6\AppData\Local\Temp\4af5db53-ff5e-473f-9d06-e4e2223de263\impact\Views\Templates\NewsCarouselItemTemplate.xaml.cs Destination:D:\FitnessApp\AppMaui\FitnessApp\Views\Templates\NewsCarouselItemTemplate.xaml.cs
2025-02-04 16:44:53.144 +02:00 [INF] [PathResolver]: Attempting to resolve key: ResolutionInfoKey { Id = Grial#NewsCarouselItemTemplate.xaml, ProjectPath = Views\NewsFlow\Templates\NewsCarouselItemTemplate.xaml }
2025-02-04 16:44:53.144 +02:00 [INF] [PathResolver]: Attempting to resolve key: ResolutionInfoKey { Id = Grial#NewsMainPage.xaml, ProjectPath = Views\NewsFlow\MainPage.xaml.cs }
2025-02-04 16:44:53.144 +02:00 [INF] [PathResolver]: Resolved relative path with temporary folder for path: C:\Users\zakg6\AppData\Local\Temp\4af5db53-ff5e-473f-9d06-e4e2223de263\impact\Views\Templates\NewsCarouselItemTemplate.xaml
2025-02-04 16:44:53.144 +02:00 [INF] [PathResolver]: Resolved asset with id {Grial#NewsCarouselItemTemplate.xaml} with { Path: C:\Users\zakg6\AppData\Local\Temp\4af5db53-ff5e-473f-9d06-e4e2223de263\impact\Views\Templates\NewsCarouselItemTemplate.xaml, RelativePath: Views\Templates\NewsCarouselItemTemplate.xaml, AssignedDestinationPath: C:\Users\zakg6\AppData\Local\Temp\4af5db53-ff5e-473f-9d06-e4e2223de263\impact\Views\Templates\NewsCarouselItemTemplate.xaml }
2025-02-04 16:44:53.144 +02:00 [INF] [ChangeManager] (Add) Source:C:\Users\zakg6\AppData\Local\Temp\4af5db53-ff5e-473f-9d06-e4e2223de263\impact\Views\Templates\NewsCarouselItemTemplate.xaml Destination:D:\FitnessApp\AppMaui\FitnessApp\Views\Templates\NewsCarouselItemTemplate.xaml
2025-02-04 16:44:53.145 +02:00 [INF] [MauiImpactManager]: Checking App.xaml namespaces...
2025-02-04 16:44:53.145 +02:00 [INF] [PathResolver]: Attempting to resolve name: App.xaml
2025-02-04 16:44:53.145 +02:00 [INF] [PathResolver]: Resolved asset with name {App.xaml} with { Path: D:\FitnessApp\AppMaui\FitnessApp\App.xaml, RelativePath: App.xaml, AssignedDestinationPath: C:\Users\zakg6\AppData\Local\Temp\4af5db53-ff5e-473f-9d06-e4e2223de263\impact\App.xaml }
2025-02-04 16:44:53.147 +02:00 [INF] [ChangeManager] (Add) Source:C:\Users\zakg6\AppData\Local\Temp\4af5db53-ff5e-473f-9d06-e4e2223de263\impact\App.xaml Destination:D:\FitnessApp\AppMaui\FitnessApp\App.xaml
2025-02-04 16:44:53.148 +02:00 [INF] [MauiImpactManager]: Processing FileUpdates...
2025-02-04 16:44:53.148 +02:00 [INF] [PathResolver]: Attempting to resolve key: ResolutionInfoKey { Id = Grial#App.xaml, ProjectPath = App.xaml }
2025-02-04 16:44:53.158 +02:00 [INF] [ChangeManager] (Add) Source:C:\Users\zakg6\AppData\Local\Temp\4af5db53-ff5e-473f-9d06-e4e2223de263\impact\App.xaml Destination:C:\Users\zakg6\AppData\Local\Temp\4af5db53-ff5e-473f-9d06-e4e2223de263\impact\App.xaml
2025-02-04 16:44:53.158 +02:00 [INF] [ChangeManager] (Add) Invalid paths
2025-02-04 16:44:53.158 +02:00 [INF] [PathResolver]: Attempting to resolve key: ResolutionInfoKey { Id = Grial#NewsData.cs, ProjectPath = ViewModels\Data\NewsData.cs }
2025-02-04 16:44:53.168 +02:00 [INF] [ChangeManager] (Add) Source:C:\Users\zakg6\AppData\Local\Temp\4af5db53-ff5e-473f-9d06-e4e2223de263\impact\ViewModels\Data\NewsData.cs Destination:C:\Users\zakg6\AppData\Local\Temp\4af5db53-ff5e-473f-9d06-e4e2223de263\impact\ViewModels\Data\NewsData.cs
2025-02-04 16:44:53.168 +02:00 [INF] [ChangeManager] (Add) Invalid paths
2025-02-04 16:44:53.168 +02:00 [INF] [PathResolver]: Attempting to resolve name: ThemeCompatibility.xaml
2025-02-04 16:44:53.169 +02:00 [INF] [MauiImpactManager]: Atempting to update themes...
2025-02-04 16:44:53.169 +02:00 [INF] [PathResolver]: Attempting to resolve key: ResolutionInfoKey { Id = Grial#LightTheme.xaml, ProjectPath = Themes\LightTheme.xaml }
2025-02-04 16:44:53.169 +02:00 [INF] [PathResolver]: Resolved asset with id {Grial#LightTheme.xaml} with { Path: D:\FitnessApp\AppMaui\FitnessApp\Themes\LightTheme.xaml, RelativePath: Themes\LightTheme.xaml, AssignedDestinationPath: C:\Users\zakg6\AppData\Local\Temp\4af5db53-ff5e-473f-9d06-e4e2223de263\impact\Themes\LightTheme.xaml }
2025-02-04 16:44:53.169 +02:00 [INF] [MauiImpactManager]: Found theme with path: Themes\LightTheme.xaml
2025-02-04 16:44:53.170 +02:00 [INF] [ChangeManager] (Add) Source:C:\Users\zakg6\AppData\Local\Temp\4af5db53-ff5e-473f-9d06-e4e2223de263\impact\Themes\LightTheme.xaml Destination:D:\FitnessApp\AppMaui\FitnessApp\Themes\LightTheme.xaml
2025-02-04 16:44:53.171 +02:00 [INF] [MauiImpactManager]: Adding handler declarations...
2025-02-04 16:44:53.171 +02:00 [INF] [PathResolver]: Attempting to resolve name: MauiProgram.cs
2025-02-04 16:44:53.171 +02:00 [INF] [PathResolver]: Resolved asset with name {MauiProgram.cs} with { Path: D:\FitnessApp\AppMaui\FitnessApp\MauiProgram.cs, RelativePath: MauiProgram.cs, AssignedDestinationPath: C:\Users\zakg6\AppData\Local\Temp\4af5db53-ff5e-473f-9d06-e4e2223de263\impact\MauiProgram.cs }
2025-02-04 16:44:53.176 +02:00 [INF] [ChangeManager] (Add) Source:C:\Users\zakg6\AppData\Local\Temp\4af5db53-ff5e-473f-9d06-e4e2223de263\impact\MauiProgram.cs Destination:D:\FitnessApp\AppMaui\FitnessApp\MauiProgram.cs
2025-02-04 16:44:53.177 +02:00 [INF] [MauiImpactManager]: Updating project file...
2025-02-04 16:44:53.178 +02:00 [INF] [MauiImpactManager]: Added nugget Nuget { Id = UXD.Grial.Basic, Version = 4.2.114, IsPivate = False, Initialization = PackagingInitialization { Name = UseGrial, Namespace = UXDivers.Grial }, PackIdToRemove = UXDivers.GrialMaui, UpdateOnly = False }
2025-02-04 16:44:53.180 +02:00 [INF] [MauiImpactManager]: Added Embedded resource with path: ViewModels\Data\News.json
2025-02-04 16:44:53.181 +02:00 [INF] [ChangeManager] (Add) Source:C:\Users\zakg6\AppData\Local\Temp\4af5db53-ff5e-473f-9d06-e4e2223de263\impact\FitnessApp.csproj Destination:D:\FitnessApp\AppMaui\FitnessApp\FitnessApp.csproj
2025-02-04 16:44:53.181 +02:00 [INF] [MauiImpactManager]: Adding handler nuget initializations...
2025-02-04 16:44:53.181 +02:00 [INF] [PathResolver]: Attempting to resolve name: MauiProgram.cs
2025-02-04 16:44:53.181 +02:00 [INF] [PathResolver]: Resolved filter with key: ResolutionInfoKey { Id = Grial#MauiProgram.cs, ProjectPath = MauiProgram.cs }
2025-02-04 16:44:53.184 +02:00 [INF] [ChangeManager] (Add) Source:C:\Users\zakg6\AppData\Local\Temp\4af5db53-ff5e-473f-9d06-e4e2223de263\impact\MauiProgram.cs Destination:C:\Users\zakg6\AppData\Local\Temp\4af5db53-ff5e-473f-9d06-e4e2223de263\impact\MauiProgram.cs
2025-02-04 16:44:53.184 +02:00 [INF] [ChangeManager] (Add) Invalid paths
2025-02-04 16:44:53.184 +02:00 [INF] [MauiImpactManager] Finished presisting changes temporaly
2025-02-04 16:44:59.352 +02:00 [INF] [ImpactManager] ChangeManagerConfirmed
2025-02-04 16:44:59.352 +02:00 [INF] [MauiImpactManager] Started changes persistence
2025-02-04 16:44:59.467 +02:00 [INF] [MauiImpactManager] Finished persisting changes
2025-02-04 16:44:59.468 +02:00 [INF] [AssetsExplorer] Cleared existing assets by impacts
2025-02-04 16:44:59.468 +02:00 [INF] [ImpactManager] ChangeManagerConfirmed
2025-02-04 16:44:59.468 +02:00 [INF] [MauiImpactManager] Started changes persistence
2025-02-04 16:44:59.481 +02:00 [INF] [MauiImpactManager] Finished persisting changes
2025-02-04 16:44:59.481 +02:00 [INF] [AssetsExplorer] Cleared existing assets by impacts
2025-02-04 16:44:59.482 +02:00 [INF] [EventAggregator] (HandleAsync) Updated xaml path: D:\FitnessApp\AppMaui\FitnessApp\App.xaml
2025-02-04 16:44:59.581 +02:00 [INF] [PathResolver]: Attempting to resolve name: App.xaml
2025-02-04 16:44:59.582 +02:00 [INF] Found theme path: D:\FitnessApp\AppMaui\FitnessApp\Themes\LightTheme.xaml
2025-02-04 16:44:59.582 +02:00 [INF] Loading theme with path: D:\FitnessApp\AppMaui\FitnessApp\Themes\LightTheme.xaml
2025-02-04 16:44:59.585 +02:00 [INF] [EventAggregator] (HandleAsync) Updated theme path: D:\FitnessApp\AppMaui\FitnessApp\Themes\LightTheme.xaml
2025-02-04 16:44:59.585 +02:00 [INF] Loading theme with path: D:\FitnessApp\AppMaui\FitnessApp\Themes\LightTheme.xaml
2025-02-04 16:45:00.056 +02:00 [INF] [AssetsExplorer] Cleared existing assets by project change
2025-02-04 16:52:02.497 +02:00 [INF] [AssetsExplorer] Cleared existing assets by project change
2025-02-04 16:54:51.470 +02:00 [INF] [AssetsExplorer] Cleared existing assets by project change
2025-02-04 16:54:59.132 +02:00 [INF] [AssetsExplorer] Cleared existing assets by project change
2025-02-04 17:37:53.134 +02:00 [INF] [AssetsExplorer] Cleared existing assets by project change
2025-02-04 18:00:48.153 +02:00 [INF] [AssetsExplorer] Cleared existing assets by project change
2025-02-04 18:02:25.213 +02:00 [INF] [AssetsExplorer] Cleared existing assets by project change
2025-02-04 18:09:21.091 +02:00 [INF] Solution closed
